[2024-11-12 21:55:32] [INFO] Scraping concluído para o usuário: miguelitoexpat com 340 visualizações válidas.
[2024-11-12 21:55:32] [INFO] [falaexpat] Iniciando scraping
[2024-11-12 21:55:35] [INFO] Verificando datas dos vídeos para o usuário lifeexpat...
[2024-11-12 21:55:39] [INFO] Verificando datas dos vídeos para o usuário falaexpat...
[2024-11-12 21:55:52] [INFO] Scraping concluído para o usuário: falaexpat com 2182 visualizações válidas.
[2024-11-12 21:55:53] [INFO] Scraping concluído para o usuário: expatgoat com 5256 visualizações válidas.
[2024-11-12 21:55:53] [INFO] [gatoliminal] Iniciando scraping
[2024-11-12 21:55:55] [INFO] Scraping concluído para o usuário: lifeexpat com 22503 visualizações válidas.
[2024-11-12 21:55:55] [INFO] [miguelexpat0] Iniciando scraping
[2024-11-12 21:55:59] [INFO] Verificando datas dos vídeos para o usuário gatoliminal...
[2024-11-12 21:56:01] [INFO] Verificando datas dos vídeos para o usuário miguelexpat0...
[2024-11-12 21:56:09] [INFO] Scraping concluído para o usuário: expatcortes01 com 12588 visualizações válidas.
[2024-11-12 21:56:09] [INFO] [foconaev0lucao] Iniciando scraping
[2024-11-12 21:56:10] [INFO] Scraping concluído para o usuário: miguelexpat0 com 1172 visualizações válidas.
[2024-11-12 21:56:10] [INFO] [ddcortes_] Iniciando scraping
[2024-11-12 21:56:15] [INFO] Verificando datas dos vídeos para o usuário ddcortes_...
[2024-11-12 21:56:16] [INFO] Verificando datas dos vídeos para o usuário foconaev0lucao...
[2024-11-12 21:56:22] [INFO] Scraping concluído para o usuário: ddcortes_ com 273 visualizações válidas.
[2024-11-12 21:56:22] [INFO] [omiguelexpatt] Iniciando scraping
[2024-11-12 21:56:28] [INFO] Verificando datas dos vídeos para o usuário omiguelexpatt...
[2024-11-12 21:56:30] [INFO] Scraping concluído para o usuário: gatoliminal com 10614 visualizações válidas.
[2024-11-12 21:56:53] [INFO] Scraping concluído para o usuário: foconaev0lucao com 3443 visualizações válidas.
[2024-11-12 21:56:53] [INFO] [sejaexpat] Iniciando scraping
[2024-11-12 21:57:00] [INFO] Verificando datas dos vídeos para o usuário sejaexpat...
[2024-11-12 21:57:04] [INFO] Scraping concluído para o usuário: sejaexpat com 10 visualizações válidas.
[2024-11-12 21:57:04] [INFO] [miguelcortes1926] Iniciando scraping
[2024-11-12 21:57:11] [INFO] Verificando datas dos vídeos para o usuário miguelcortes1926...
[2024-11-12 21:57:25] [INFO] Scraping concluído para o usuário: omiguelexpatt com 273372 visualizações válidas.
[2024-11-12 21:58:27] [INFO] Scraping concluído para o usuário: miguelcortes1926 com 8241 visualizações válidas.
[2024-11-12 21:58:27] [INFO] Verificando novamente 4 usuários com 0 visualizações.
[2024-11-12 21:58:27] [INFO] [expat.mentality] Iniciando scraping
[2024-11-12 21:58:34] [INFO] [ext_motivation] Iniciando scraping
[2024-11-12 21:58:40] [INFO] [cortesomiguelexp] Iniciando scraping
[2024-11-12 21:58:46] [INFO] [tododiacortezs] Iniciando scraping
[2024-11-12 21:58:52] [INFO] Verificando novamente 4 usuários com 0 visualizações.
[2024-11-12 21:58:52] [INFO] [expat.mentality] Iniciando scraping
[2024-11-12 21:58:59] [INFO] [ext_motivation] Iniciando scraping
[2024-11-12 21:59:05] [INFO] [cortesomiguelexp] Iniciando scraping
[2024-11-12 21:59:11] [INFO] [tododiacortezs] Iniciando scraping
[2024-11-12 21:59:17] [INFO] Verificando novamente 4 usuários com 0 visualizações.
[2024-11-12 21:59:17] [INFO] [expat.mentality] Iniciando scraping
[2024-11-12 21:59:24] [INFO] [ext_motivation] Iniciando scraping
[2024-11-12 21:59:30] [INFO] [cortesomiguelexp] Iniciando scraping
[2024-11-12 21:59:36] [INFO] [tododiacortezs] Iniciando scraping
[2024-11-12 21:59:42] [INFO] Verificando novamente 4 usuários com 0 visualizações.
[2024-11-12 21:59:42] [INFO] [expat.mentality] Iniciando scraping
[2024-11-12 21:59:49] [INFO] [ext_motivation] Iniciando scraping
[2024-11-12 21:59:55] [INFO] [cortesomiguelexp] Iniciando scraping
[2024-11-12 22:00:01] [INFO] [tododiacortezs] Iniciando scraping
[2024-11-12 22:00:08] [INFO] Verificando novamente 4 usuários com 0 visualizações.
[2024-11-12 22:00:08] [INFO] [expat.mentality] Iniciando scraping
[2024-11-12 22:00:15] [INFO] [ext_motivation] Iniciando scraping
[2024-11-12 22:00:21] [INFO] [cortesomiguelexp] Iniciando scraping
[2024-11-12 22:00:27] [INFO] [tododiacortezs] Iniciando scraping
[2024-11-12 22:00:34] [INFO] Fechando as instâncias do Chrome...
[2024-11-12 22:00:37] [INFO] Tempo total de execução: 1000.64 segundos
