[2024-11-12 01:11:30] Iniciando scraping para o usuário: tododiacortezs
[2024-11-12 01:11:30] Iniciando scraping para o usuário: miguelexpatworld
[2024-11-12 01:11:38] Iniciando scraping para o usuário: 0_sabio
[2024-11-12 01:11:38] Verificando datas dos vídeos para o usuário motivabraee...
[2024-11-12 01:11:38] Verificando datas dos vídeos para o usuário miguelexpatworld...
[2024-11-12 01:11:48] Verificando datas dos vídeos para o usuário 0_sabio...
[2024-11-12 01:12:39] Scraping concluído para o usuário: motivabraee com 142164 visualizações válidas.
[2024-11-12 01:12:39] Iniciando scraping para o usuário: cortes.blitz
[2024-11-12 01:12:45] Tentando resolver o CAPTCHA para o usuário cortes.blitz...
[2024-11-12 01:12:45] CAPTCHA não encontrado para o usuário cortes.blitz.
[2024-11-12 01:12:45] Iniciando scraping para o usuário: miguelexcortes
[2024-11-12 01:12:51] Scraping concluído para o usuário: miguelexpatworld com 176785 visualizações válidas.
[2024-11-12 01:12:51] Iniciando scraping para o usuário: vivaooextraordinario
[2024-11-12 01:12:54] Verificando datas dos vídeos para o usuário miguelexcortes...
[2024-11-12 01:12:57] Tentando resolver o CAPTCHA para o usuário vivaooextraordinario...
[2024-11-12 01:12:57] CAPTCHA não encontrado para o usuário vivaooextraordinario.
[2024-11-12 01:12:57] Iniciando scraping para o usuário: vibesnomade
[2024-11-12 01:13:06] Erro ao encontrar elementos para o usuário vibesnomade: Message: 
Stacktrace:
	GetHandleVerifier [0x00AFEBD3+24307]
	(No symbol) [0x00A88D74]
	(No symbol) [0x0096C323]
	(No symbol) [0x009ADC86]
	(No symbol) [0x009ADECB]
	(No symbol) [0x009EB9F2]
	(No symbol) [0x009CFED4]
	(No symbol) [0x009E9579]
	(No symbol) [0x009CFC26]
	(No symbol) [0x009A219C]
	(No symbol) [0x009A311D]
	GetHandleVerifier [0x00DA8D93+2818227]
	GetHandleVerifier [0x00E0542E+3196750]
	GetHandleVerifier [0x00DFD9D2+3165426]
	GetHandleVerifier [0x00B9DA70+675216]
	(No symbol) [0x00A91B3D]
	(No symbol) [0x00A8EA18]
	(No symbol) [0x00A8EBB5]
	(No symbol) [0x00A81640]
	BaseThreadInitThunk [0x76857BA9+25]
	RtlInitializeExceptionChain [0x776AC0CB+107]
	RtlClearBits [0x776AC04F+191]

[2024-11-12 01:13:12] Iniciando scraping para o usuário: expat.inteligente
[2024-11-12 01:13:21] Verificando datas dos vídeos para o usuário expat.inteligente...
[2024-11-12 01:13:37] Scraping concluído para o usuário: 0_sabio com 1655006 visualizações válidas.
[2024-11-12 01:13:37] Iniciando scraping para o usuário: viajante_motivacional
[2024-11-12 01:13:43] Tentando resolver o CAPTCHA para o usuário viajante_motivacional...
[2024-11-12 01:13:43] CAPTCHA não encontrado para o usuário viajante_motivacional.
[2024-11-12 01:13:43] Iniciando scraping para o usuário: umavezmiguel
[2024-11-12 01:13:52] Verificando datas dos vídeos para o usuário umavezmiguel...
[2024-11-12 01:14:18] Botão não encontrado, usando tecla seta para baixo para o usuário miguelexcortes...
[2024-11-12 01:14:47] Scraping concluído para o usuário: miguelexcortes com 421196 visualizações válidas.
[2024-11-12 01:14:47] Iniciando scraping para o usuário: visaoexpat
[2024-11-12 01:14:55] Erro ao verificar datas dos vídeos para o usuário expat.inteligente: Message: no such window: target window already closed
from unknown error: web view not found
  (Session info: chrome=130.0.6723.117)
Stacktrace:
	GetHandleVerifier [0x00AFEBD3+24307]
	(No symbol) [0x00A88D74]
	(No symbol) [0x0096C323]
	(No symbol) [0x0094E00B]
	(No symbol) [0x009D5F6F]
	(No symbol) [0x009E8EC9]
	(No symbol) [0x009CFC26]
	(No symbol) [0x009A219C]
	(No symbol) [0x009A311D]
	GetHandleVerifier [0x00DA8D93+2818227]
	GetHandleVerifier [0x00E0542E+3196750]
	GetHandleVerifier [0x00DFD9D2+3165426]
	GetHandleVerifier [0x00B9DA70+675216]
	(No symbol) [0x00A91B3D]
	(No symbol) [0x00A8EA18]
	(No symbol) [0x00A8EBB5]
	(No symbol) [0x00A81640]
	BaseThreadInitThunk [0x76857BA9+25]
	RtlInitializeExceptionChain [0x776AC0CB+107]
	RtlClearBits [0x776AC04F+191]

[2024-11-12 01:14:55] Scraping concluído para o usuário: expat.inteligente com 0 visualizações válidas.
[2024-11-12 01:14:55] Iniciando scraping para o usuário: samus.prosperus
[2024-11-12 01:14:56] Erro ao verificar datas dos vídeos para o usuário umavezmiguel: Message: no such window: target window already closed
from unknown error: web view not found
  (Session info: chrome=130.0.6723.117)
Stacktrace:
	GetHandleVerifier [0x00AFEBD3+24307]
	(No symbol) [0x00A88D74]
	(No symbol) [0x0096C323]
	(No symbol) [0x0094E00B]
	(No symbol) [0x009D5F6F]
	(No symbol) [0x009E8EC9]
	(No symbol) [0x009CFC26]
	(No symbol) [0x009A219C]
	(No symbol) [0x009A311D]
	GetHandleVerifier [0x00DA8D93+2818227]
	GetHandleVerifier [0x00E0542E+3196750]
	GetHandleVerifier [0x00DFD9D2+3165426]
	GetHandleVerifier [0x00B9DA70+675216]
	(No symbol) [0x00A91B3D]
	(No symbol) [0x00A8EA18]
	(No symbol) [0x00A8EBB5]
	(No symbol) [0x00A81640]
	BaseThreadInitThunk [0x76857BA9+25]
	RtlInitializeExceptionChain [0x776AC0CB+107]
	RtlClearBits [0x776AC04F+191]

[2024-11-12 01:14:56] Scraping concluído para o usuário: umavezmiguel com 0 visualizações válidas.
[2024-11-12 01:14:56] Iniciando scraping para o usuário: omundonomade
[2024-11-12 01:14:56] Verificando novamente 2 usuários com 0 visualizações.
[2024-11-12 01:14:56] Iniciando scraping para o usuário: expat.inteligente
[2024-11-12 01:14:56] Erro ao verificar usuários com zero views na instância 0: Message: no such window: target window already closed
from unknown error: web view not found
  (Session info: chrome=130.0.6723.117)
Stacktrace:
	GetHandleVerifier [0x00AFEBD3+24307]
	(No symbol) [0x00A88D74]
	(No symbol) [0x0096C323]
	(No symbol) [0x0094E00B]
	(No symbol) [0x009D5F6F]
	(No symbol) [0x009E8EC9]
	(No symbol) [0x009CFC26]
	(No symbol) [0x009A219C]
	(No symbol) [0x009A311D]
	GetHandleVerifier [0x00DA8D93+2818227]
	GetHandleVerifier [0x00E0542E+3196750]
	GetHandleVerifier [0x00DFD9D2+3165426]
	GetHandleVerifier [0x00B9DA70+675216]
	(No symbol) [0x00A91B3D]
	(No symbol) [0x00A8EA18]
	(No symbol) [0x00A8EBB5]
	(No symbol) [0x00A81640]
	BaseThreadInitThunk [0x76857BA9+25]
	RtlInitializeExceptionChain [0x776AC0CB+107]
	RtlClearBits [0x776AC04F+191]

[2024-11-12 01:14:56] Verificando novamente 2 usuários com 0 visualizações.
[2024-11-12 01:14:56] Iniciando scraping para o usuário: expat.inteligente
[2024-11-12 01:14:56] Erro ao verificar usuários com zero views na instância 1: Message: no such window: target window already closed
from unknown error: web view not found
  (Session info: chrome=130.0.6723.117)
Stacktrace:
	GetHandleVerifier [0x00AFEBD3+24307]
	(No symbol) [0x00A88D74]
	(No symbol) [0x0096C323]
	(No symbol) [0x0094E00B]
	(No symbol) [0x009D5F6F]
	(No symbol) [0x009E8EC9]
	(No symbol) [0x009CFC26]
	(No symbol) [0x009A219C]
	(No symbol) [0x009A311D]
	GetHandleVerifier [0x00DA8D93+2818227]
	GetHandleVerifier [0x00E0542E+3196750]
	GetHandleVerifier [0x00DFD9D2+3165426]
	GetHandleVerifier [0x00B9DA70+675216]
	(No symbol) [0x00A91B3D]
	(No symbol) [0x00A8EA18]
	(No symbol) [0x00A8EBB5]
	(No symbol) [0x00A81640]
	BaseThreadInitThunk [0x76857BA9+25]
	RtlInitializeExceptionChain [0x776AC0CB+107]
	RtlClearBits [0x776AC04F+191]

[2024-11-12 01:14:56] Verificando novamente 2 usuários com 0 visualizações.
[2024-11-12 01:14:56] Iniciando scraping para o usuário: expat.inteligente
[2024-11-12 01:14:56] Erro ao verificar usuários com zero views na instância 2: Message: no such window: target window already closed
from unknown error: web view not found
  (Session info: chrome=130.0.6723.117)
Stacktrace:
	GetHandleVerifier [0x00AFEBD3+24307]
	(No symbol) [0x00A88D74]
	(No symbol) [0x0096C323]
	(No symbol) [0x0094E00B]
	(No symbol) [0x009D5F6F]
	(No symbol) [0x009E8EC9]
	(No symbol) [0x009CFC26]
	(No symbol) [0x009A219C]
	(No symbol) [0x009A311D]
	GetHandleVerifier [0x00DA8D93+2818227]
	GetHandleVerifier [0x00E0542E+3196750]
	GetHandleVerifier [0x00DFD9D2+3165426]
	GetHandleVerifier [0x00B9DA70+675216]
	(No symbol) [0x00A91B3D]
	(No symbol) [0x00A8EA18]
	(No symbol) [0x00A8EBB5]
	(No symbol) [0x00A81640]
	BaseThreadInitThunk [0x76857BA9+25]
	RtlInitializeExceptionChain [0x776AC0CB+107]
	RtlClearBits [0x776AC04F+191]

[2024-11-12 01:14:56] Fechando as instâncias do Chrome...
[2024-11-12 01:14:56] Tempo total de execução: 216.04 segundos
