[2024-11-12 21:57:09] Visualizações coletadas: [1120, 1992, 3049, 2, 20, 269, 76, 246, 568, 204, 172, 518]
[2024-11-12 21:57:11] Visualizações coletadas: [1120, 1992, 3049, 2, 20, 269, 76, 246, 568, 204, 172, 518, 35, 215, 167, 44, 144, 173, 238, 59, 37, 193, 152]
[2024-11-12 21:57:18] Iniciando com 23 visualizações para verificar
[2024-11-12 21:57:18] Procurando vídeo com 1120 visualizações
[2024-11-12 21:57:18] Procurando vídeo com 1120 visualizações
[2024-11-12 21:57:18] Vídeo encontrado com 1120 visualizações
[2024-11-12 21:57:18] Tentando clicar no vídeo
[2024-11-12 21:57:21] Data encontrada: 20 de October de 2024
[2024-11-12 21:57:21] Comparando datas - Vídeo: 2024-10-20, Alvo: 2024-10-08
[2024-11-12 21:57:21] Vídeo está dentro do período
[2024-11-12 21:57:21] Vídeo processado: 1120 visualizações. Restam 22
[2024-11-12 21:57:23] Procurando vídeo com 1992 visualizações
[2024-11-12 21:57:23] Procurando vídeo com 1992 visualizações
[2024-11-12 21:57:23] Vídeo encontrado com 1992 visualizações
[2024-11-12 21:57:23] Tentando clicar no vídeo
[2024-11-12 21:57:26] Data encontrada: 16 de October de 2024
[2024-11-12 21:57:26] Comparando datas - Vídeo: 2024-10-16, Alvo: 2024-10-08
[2024-11-12 21:57:26] Vídeo está dentro do período
[2024-11-12 21:57:26] Vídeo processado: 1992 visualizações. Restam 21
[2024-11-12 21:57:28] Procurando vídeo com 3049 visualizações
[2024-11-12 21:57:28] Procurando vídeo com 3049 visualizações
[2024-11-12 21:57:28] Vídeo encontrado com 3049 visualizações
[2024-11-12 21:57:28] Tentando clicar no vídeo
[2024-11-12 21:57:32] Data encontrada: 20 de October de 2024
[2024-11-12 21:57:32] Comparando datas - Vídeo: 2024-10-20, Alvo: 2024-10-08
[2024-11-12 21:57:32] Vídeo está dentro do período
[2024-11-12 21:57:32] Vídeo processado: 3049 visualizações. Restam 20
[2024-11-12 21:57:33] Procurando vídeo com 2 visualizações
[2024-11-12 21:57:33] Procurando vídeo com 2 visualizações
[2024-11-12 21:57:33] Vídeo encontrado com 2 visualizações
[2024-11-12 21:57:33] Tentando clicar no vídeo
[2024-11-12 21:57:36] Data encontrada: 12 de November de 2024
[2024-11-12 21:57:36] Comparando datas - Vídeo: 2024-11-12, Alvo: 2024-10-08
[2024-11-12 21:57:36] Vídeo está dentro do período
[2024-11-12 21:57:36] Vídeo processado: 2 visualizações. Restam 19
[2024-11-12 21:57:38] Procurando vídeo com 20 visualizações
[2024-11-12 21:57:38] Procurando vídeo com 20 visualizações
[2024-11-12 21:57:38] Vídeo encontrado com 20 visualizações
[2024-11-12 21:57:38] Tentando clicar no vídeo
[2024-11-12 21:57:41] Data encontrada: 04 de November de 2024
[2024-11-12 21:57:41] Comparando datas - Vídeo: 2024-11-04, Alvo: 2024-10-08
[2024-11-12 21:57:41] Vídeo está dentro do período
[2024-11-12 21:57:41] Vídeo processado: 20 visualizações. Restam 18
[2024-11-12 21:57:43] Procurando vídeo com 269 visualizações
[2024-11-12 21:57:43] Procurando vídeo com 269 visualizações
[2024-11-12 21:57:43] Vídeo encontrado com 269 visualizações
[2024-11-12 21:57:43] Tentando clicar no vídeo
[2024-11-12 21:57:47] Data encontrada: 01 de November de 2024
[2024-11-12 21:57:47] Comparando datas - Vídeo: 2024-11-01, Alvo: 2024-10-08
[2024-11-12 21:57:47] Vídeo está dentro do período
[2024-11-12 21:57:47] Vídeo processado: 269 visualizações. Restam 17
[2024-11-12 21:57:48] Procurando vídeo com 76 visualizações
[2024-11-12 21:57:48] Procurando vídeo com 76 visualizações
[2024-11-12 21:57:48] Vídeo encontrado com 76 visualizações
[2024-11-12 21:57:48] Tentando clicar no vídeo
[2024-11-12 21:57:52] Data encontrada: 29 de October de 2024
[2024-11-12 21:57:52] Comparando datas - Vídeo: 2024-10-29, Alvo: 2024-10-08
[2024-11-12 21:57:52] Vídeo está dentro do período
[2024-11-12 21:57:52] Vídeo processado: 76 visualizações. Restam 16
[2024-11-12 21:57:54] Procurando vídeo com 246 visualizações
[2024-11-12 21:57:54] Procurando vídeo com 246 visualizações
[2024-11-12 21:57:54] Vídeo encontrado com 246 visualizações
[2024-11-12 21:57:54] Tentando clicar no vídeo
[2024-11-12 21:57:57] Data encontrada: 25 de October de 2024
[2024-11-12 21:57:57] Comparando datas - Vídeo: 2024-10-25, Alvo: 2024-10-08
[2024-11-12 21:57:57] Vídeo está dentro do período
[2024-11-12 21:57:57] Vídeo processado: 246 visualizações. Restam 15
[2024-11-12 21:57:58] Procurando vídeo com 568 visualizações
[2024-11-12 21:57:58] Procurando vídeo com 568 visualizações
[2024-11-12 21:57:59] Vídeo encontrado com 568 visualizações
[2024-11-12 21:57:59] Tentando clicar no vídeo
[2024-11-12 21:58:02] Data encontrada: 24 de October de 2024
[2024-11-12 21:58:02] Comparando datas - Vídeo: 2024-10-24, Alvo: 2024-10-08
[2024-11-12 21:58:02] Vídeo está dentro do período
[2024-11-12 21:58:02] Vídeo processado: 568 visualizações. Restam 14
[2024-11-12 21:58:04] Procurando vídeo com 204 visualizações
[2024-11-12 21:58:04] Procurando vídeo com 204 visualizações
[2024-11-12 21:58:04] Vídeo encontrado com 204 visualizações
[2024-11-12 21:58:04] Tentando clicar no vídeo
[2024-11-12 21:58:07] Data encontrada: 22 de October de 2024
[2024-11-12 21:58:07] Comparando datas - Vídeo: 2024-10-22, Alvo: 2024-10-08
[2024-11-12 21:58:07] Vídeo está dentro do período
[2024-11-12 21:58:07] Vídeo processado: 204 visualizações. Restam 13
[2024-11-12 21:58:09] Procurando vídeo com 172 visualizações
[2024-11-12 21:58:09] Procurando vídeo com 172 visualizações
[2024-11-12 21:58:09] Vídeo encontrado com 172 visualizações
[2024-11-12 21:58:09] Tentando clicar no vídeo
[2024-11-12 21:58:11] Data encontrada: 22 de October de 2024
[2024-11-12 21:58:11] Comparando datas - Vídeo: 2024-10-22, Alvo: 2024-10-08
[2024-11-12 21:58:11] Vídeo está dentro do período
[2024-11-12 21:58:11] Vídeo processado: 172 visualizações. Restam 12
[2024-11-12 21:58:13] Procurando vídeo com 518 visualizações
[2024-11-12 21:58:13] Procurando vídeo com 518 visualizações
[2024-11-12 21:58:13] Vídeo encontrado com 518 visualizações
[2024-11-12 21:58:13] Tentando clicar no vídeo
[2024-11-12 21:58:17] Data encontrada: 19 de October de 2024
[2024-11-12 21:58:17] Comparando datas - Vídeo: 2024-10-19, Alvo: 2024-10-08
[2024-11-12 21:58:17] Vídeo está dentro do período
[2024-11-12 21:58:17] Vídeo processado: 518 visualizações. Restam 11
[2024-11-12 21:58:19] Procurando vídeo com 35 visualizações
[2024-11-12 21:58:19] Procurando vídeo com 35 visualizações
[2024-11-12 21:58:19] Vídeo encontrado com 35 visualizações
[2024-11-12 21:58:19] Tentando clicar no vídeo
[2024-11-12 21:58:22] Data encontrada: 19 de October de 2024
[2024-11-12 21:58:22] Comparando datas - Vídeo: 2024-10-19, Alvo: 2024-10-08
[2024-11-12 21:58:22] Vídeo está dentro do período
[2024-11-12 21:58:22] Vídeo processado: 35 visualizações. Restam 10
[2024-11-12 21:58:24] Procurando vídeo com 215 visualizações
[2024-11-12 21:58:24] Procurando vídeo com 215 visualizações
[2024-11-12 21:58:24] Vídeo encontrado com 215 visualizações
[2024-11-12 21:58:24] Tentando clicar no vídeo
[2024-11-12 21:58:27] Data encontrada: 18 de October de 2024
[2024-11-12 21:58:27] Comparando datas - Vídeo: 2024-10-18, Alvo: 2024-10-08
[2024-11-12 21:58:27] Vídeo está dentro do período
[2024-11-12 21:58:27] Vídeo processado: 215 visualizações. Restam 9
[2024-11-12 21:58:28] Procurando vídeo com 167 visualizações
[2024-11-12 21:58:28] Procurando vídeo com 167 visualizações
[2024-11-12 21:58:29] Vídeo encontrado com 167 visualizações
[2024-11-12 21:58:29] Tentando clicar no vídeo
[2024-11-12 21:58:32] Data encontrada: 18 de October de 2024
[2024-11-12 21:58:32] Comparando datas - Vídeo: 2024-10-18, Alvo: 2024-10-08
[2024-11-12 21:58:32] Vídeo está dentro do período
[2024-11-12 21:58:32] Vídeo processado: 167 visualizações. Restam 8
[2024-11-12 21:58:34] Procurando vídeo com 44 visualizações
[2024-11-12 21:58:34] Procurando vídeo com 44 visualizações
[2024-11-12 21:58:34] Vídeo encontrado com 44 visualizações
[2024-11-12 21:58:34] Tentando clicar no vídeo
[2024-11-12 21:58:36] Data encontrada: 17 de October de 2024
[2024-11-12 21:58:36] Comparando datas - Vídeo: 2024-10-17, Alvo: 2024-10-08
[2024-11-12 21:58:36] Vídeo está dentro do período
[2024-11-12 21:58:36] Vídeo processado: 44 visualizações. Restam 7
[2024-11-12 21:58:38] Procurando vídeo com 144 visualizações
[2024-11-12 21:58:38] Procurando vídeo com 144 visualizações
[2024-11-12 21:58:38] Vídeo encontrado com 144 visualizações
[2024-11-12 21:58:38] Tentando clicar no vídeo
[2024-11-12 21:58:42] Data encontrada: 17 de October de 2024
[2024-11-12 21:58:42] Comparando datas - Vídeo: 2024-10-17, Alvo: 2024-10-08
[2024-11-12 21:58:42] Vídeo está dentro do período
[2024-11-12 21:58:42] Vídeo processado: 144 visualizações. Restam 6
[2024-11-12 21:58:43] Procurando vídeo com 173 visualizações
[2024-11-12 21:58:43] Procurando vídeo com 173 visualizações
[2024-11-12 21:58:44] Vídeo encontrado com 173 visualizações
[2024-11-12 21:58:44] Tentando clicar no vídeo
[2024-11-12 21:58:47] Data encontrada: 15 de October de 2024
[2024-11-12 21:58:47] Comparando datas - Vídeo: 2024-10-15, Alvo: 2024-10-08
[2024-11-12 21:58:47] Vídeo está dentro do período
[2024-11-12 21:58:47] Vídeo processado: 173 visualizações. Restam 5
[2024-11-12 21:58:49] Procurando vídeo com 238 visualizações
[2024-11-12 21:58:49] Procurando vídeo com 238 visualizações
[2024-11-12 21:58:49] Vídeo encontrado com 238 visualizações
[2024-11-12 21:58:49] Tentando clicar no vídeo
[2024-11-12 21:58:52] Data encontrada: 14 de October de 2024
[2024-11-12 21:58:52] Comparando datas - Vídeo: 2024-10-14, Alvo: 2024-10-08
[2024-11-12 21:58:52] Vídeo está dentro do período
[2024-11-12 21:58:52] Vídeo processado: 238 visualizações. Restam 4
[2024-11-12 21:58:54] Procurando vídeo com 59 visualizações
[2024-11-12 21:58:54] Procurando vídeo com 59 visualizações
[2024-11-12 21:58:54] Vídeo encontrado com 59 visualizações
[2024-11-12 21:58:54] Tentando clicar no vídeo
[2024-11-12 21:58:57] Data encontrada: 11 de October de 2024
[2024-11-12 21:58:57] Comparando datas - Vídeo: 2024-10-11, Alvo: 2024-10-08
[2024-11-12 21:58:57] Vídeo está dentro do período
[2024-11-12 21:58:57] Vídeo processado: 59 visualizações. Restam 3
[2024-11-12 21:58:59] Procurando vídeo com 37 visualizações
[2024-11-12 21:58:59] Procurando vídeo com 37 visualizações
[2024-11-12 21:58:59] Vídeo encontrado com 37 visualizações
[2024-11-12 21:58:59] Tentando clicar no vídeo
[2024-11-12 21:59:02] Data encontrada: 10 de October de 2024
[2024-11-12 21:59:02] Comparando datas - Vídeo: 2024-10-10, Alvo: 2024-10-08
[2024-11-12 21:59:02] Vídeo está dentro do período
[2024-11-12 21:59:02] Vídeo processado: 37 visualizações. Restam 2
[2024-11-12 21:59:03] Procurando vídeo com 193 visualizações
[2024-11-12 21:59:03] Procurando vídeo com 193 visualizações
[2024-11-12 21:59:03] Vídeo encontrado com 193 visualizações
[2024-11-12 21:59:03] Tentando clicar no vídeo
[2024-11-12 21:59:07] Data encontrada: 10 de October de 2024
[2024-11-12 21:59:07] Comparando datas - Vídeo: 2024-10-10, Alvo: 2024-10-08
[2024-11-12 21:59:07] Vídeo está dentro do período
[2024-11-12 21:59:07] Vídeo processado: 193 visualizações. Restam 1
[2024-11-12 21:59:08] Procurando vídeo com 152 visualizações
[2024-11-12 21:59:08] Procurando vídeo com 152 visualizações
[2024-11-12 21:59:09] Vídeo encontrado com 152 visualizações
[2024-11-12 21:59:09] Tentando clicar no vídeo
[2024-11-12 21:59:12] Data encontrada: 09 de October de 2024
[2024-11-12 21:59:12] Comparando datas - Vídeo: 2024-10-09, Alvo: 2024-10-08
[2024-11-12 21:59:12] Vídeo está dentro do período
[2024-11-12 21:59:12] Vídeo processado: 152 visualizações. Restam 0
[2024-11-12 21:59:14] Finalizado com 23 vídeos validados de 23 originais
[2024-11-12 21:59:15] Visualizações coletadas: [23, 25, 21, 17, 215, 16, 16, 19, 33, 146, 18, 12]
[2024-11-12 21:59:19] Visualizações coletadas: [23, 25, 21, 17, 215, 16, 16, 19, 33, 146, 18, 12, 13, 25, 22, 25, 49, 42]
[2024-11-12 21:59:25] Iniciando com 15 visualizações para verificar
[2024-11-12 21:59:25] Procurando vídeo com 23 visualizações
[2024-11-12 21:59:25] Procurando vídeo com 23 visualizações
[2024-11-12 21:59:25] Vídeo encontrado com 23 visualizações
[2024-11-12 21:59:25] Tentando clicar no vídeo
[2024-11-12 21:59:28] Data encontrada: 15 de October de 2024
[2024-11-12 21:59:28] Comparando datas - Vídeo: 2024-10-15, Alvo: 2024-10-08
[2024-11-12 21:59:28] Vídeo está dentro do período
[2024-11-12 21:59:28] Vídeo processado: 23 visualizações. Restam 14
[2024-11-12 21:59:30] Procurando vídeo com 25 visualizações
[2024-11-12 21:59:30] Procurando vídeo com 25 visualizações
[2024-11-12 21:59:30] Vídeo encontrado com 25 visualizações
[2024-11-12 21:59:30] Tentando clicar no vídeo
[2024-11-12 21:59:32] Data encontrada: 15 de October de 2024
[2024-11-12 21:59:32] Comparando datas - Vídeo: 2024-10-15, Alvo: 2024-10-08
[2024-11-12 21:59:32] Vídeo está dentro do período
[2024-11-12 21:59:32] Vídeo processado: 25 visualizações. Restam 13
[2024-11-12 21:59:34] Procurando vídeo com 21 visualizações
[2024-11-12 21:59:34] Procurando vídeo com 21 visualizações
[2024-11-12 21:59:34] Vídeo encontrado com 21 visualizações
[2024-11-12 21:59:34] Tentando clicar no vídeo
[2024-11-12 21:59:37] Data encontrada: 14 de October de 2024
[2024-11-12 21:59:37] Comparando datas - Vídeo: 2024-10-14, Alvo: 2024-10-08
[2024-11-12 21:59:37] Vídeo está dentro do período
[2024-11-12 21:59:37] Vídeo processado: 21 visualizações. Restam 12
[2024-11-12 21:59:39] Procurando vídeo com 17 visualizações
[2024-11-12 21:59:39] Procurando vídeo com 17 visualizações
[2024-11-12 21:59:39] Vídeo encontrado com 17 visualizações
[2024-11-12 21:59:39] Tentando clicar no vídeo
[2024-11-12 21:59:42] Data encontrada: 13 de October de 2024
[2024-11-12 21:59:42] Comparando datas - Vídeo: 2024-10-13, Alvo: 2024-10-08
[2024-11-12 21:59:42] Vídeo está dentro do período
[2024-11-12 21:59:42] Vídeo processado: 17 visualizações. Restam 11
[2024-11-12 21:59:44] Procurando vídeo com 215 visualizações
[2024-11-12 21:59:44] Procurando vídeo com 215 visualizações
[2024-11-12 21:59:44] Vídeo encontrado com 215 visualizações
[2024-11-12 21:59:44] Tentando clicar no vídeo
[2024-11-12 21:59:46] Data encontrada: 13 de October de 2024
[2024-11-12 21:59:46] Comparando datas - Vídeo: 2024-10-13, Alvo: 2024-10-08
[2024-11-12 21:59:46] Vídeo está dentro do período
[2024-11-12 21:59:46] Vídeo processado: 215 visualizações. Restam 10
[2024-11-12 21:59:48] Procurando vídeo com 16 visualizações
[2024-11-12 21:59:48] Procurando vídeo com 16 visualizações
[2024-11-12 21:59:48] Vídeo encontrado com 16 visualizações
[2024-11-12 21:59:48] Tentando clicar no vídeo
[2024-11-12 21:59:51] Data encontrada: 12 de October de 2024
[2024-11-12 21:59:51] Comparando datas - Vídeo: 2024-10-12, Alvo: 2024-10-08
[2024-11-12 21:59:51] Vídeo está dentro do período
[2024-11-12 21:59:51] Vídeo processado: 16 visualizações. Restam 9
[2024-11-12 21:59:53] Procurando vídeo com 19 visualizações
[2024-11-12 21:59:53] Procurando vídeo com 19 visualizações
[2024-11-12 21:59:53] Vídeo encontrado com 19 visualizações
[2024-11-12 21:59:53] Tentando clicar no vídeo
[2024-11-12 21:59:56] Data encontrada: 12 de October de 2024
[2024-11-12 21:59:56] Comparando datas - Vídeo: 2024-10-12, Alvo: 2024-10-08
[2024-11-12 21:59:56] Vídeo está dentro do período
[2024-11-12 21:59:56] Vídeo processado: 19 visualizações. Restam 8
[2024-11-12 21:59:58] Procurando vídeo com 33 visualizações
[2024-11-12 21:59:58] Procurando vídeo com 33 visualizações
[2024-11-12 21:59:58] Vídeo encontrado com 33 visualizações
[2024-11-12 21:59:58] Tentando clicar no vídeo
[2024-11-12 22:00:02] Data encontrada: 11 de October de 2024
[2024-11-12 22:00:02] Comparando datas - Vídeo: 2024-10-11, Alvo: 2024-10-08
[2024-11-12 22:00:02] Vídeo está dentro do período
[2024-11-12 22:00:02] Vídeo processado: 33 visualizações. Restam 7
[2024-11-12 22:00:03] Procurando vídeo com 146 visualizações
[2024-11-12 22:00:03] Procurando vídeo com 146 visualizações
[2024-11-12 22:00:04] Vídeo encontrado com 146 visualizações
[2024-11-12 22:00:04] Tentando clicar no vídeo
[2024-11-12 22:00:06] Data encontrada: 11 de October de 2024
[2024-11-12 22:00:06] Comparando datas - Vídeo: 2024-10-11, Alvo: 2024-10-08
[2024-11-12 22:00:06] Vídeo está dentro do período
[2024-11-12 22:00:06] Vídeo processado: 146 visualizações. Restam 6
[2024-11-12 22:00:07] Procurando vídeo com 18 visualizações
[2024-11-12 22:00:07] Procurando vídeo com 18 visualizações
[2024-11-12 22:00:08] Vídeo encontrado com 18 visualizações
[2024-11-12 22:00:08] Tentando clicar no vídeo
[2024-11-12 22:00:10] Data encontrada: 11 de October de 2024
[2024-11-12 22:00:10] Comparando datas - Vídeo: 2024-10-11, Alvo: 2024-10-08
[2024-11-12 22:00:10] Vídeo está dentro do período
[2024-11-12 22:00:10] Vídeo processado: 18 visualizações. Restam 5
[2024-11-12 22:00:12] Procurando vídeo com 12 visualizações
[2024-11-12 22:00:12] Procurando vídeo com 12 visualizações
[2024-11-12 22:00:12] Vídeo encontrado com 12 visualizações
[2024-11-12 22:00:12] Tentando clicar no vídeo
[2024-11-12 22:00:16] Data encontrada: 10 de October de 2024
[2024-11-12 22:00:16] Comparando datas - Vídeo: 2024-10-10, Alvo: 2024-10-08
[2024-11-12 22:00:16] Vídeo está dentro do período
[2024-11-12 22:00:16] Vídeo processado: 12 visualizações. Restam 4
[2024-11-12 22:00:17] Procurando vídeo com 13 visualizações
[2024-11-12 22:00:17] Procurando vídeo com 13 visualizações
[2024-11-12 22:00:18] Vídeo encontrado com 13 visualizações
[2024-11-12 22:00:18] Tentando clicar no vídeo
[2024-11-12 22:00:21] Data encontrada: 10 de October de 2024
[2024-11-12 22:00:21] Comparando datas - Vídeo: 2024-10-10, Alvo: 2024-10-08
[2024-11-12 22:00:21] Vídeo está dentro do período
[2024-11-12 22:00:21] Vídeo processado: 13 visualizações. Restam 3
[2024-11-12 22:00:23] Procurando vídeo com 22 visualizações
[2024-11-12 22:00:23] Procurando vídeo com 22 visualizações
[2024-11-12 22:00:23] Vídeo encontrado com 22 visualizações
[2024-11-12 22:00:23] Tentando clicar no vídeo
[2024-11-12 22:00:25] Data encontrada: 09 de October de 2024
[2024-11-12 22:00:25] Comparando datas - Vídeo: 2024-10-09, Alvo: 2024-10-08
[2024-11-12 22:00:25] Vídeo está dentro do período
[2024-11-12 22:00:25] Vídeo processado: 22 visualizações. Restam 2
[2024-11-12 22:00:27] Procurando vídeo com 49 visualizações
[2024-11-12 22:00:27] Procurando vídeo com 49 visualizações
[2024-11-12 22:00:27] Vídeo encontrado com 49 visualizações
[2024-11-12 22:00:27] Tentando clicar no vídeo
[2024-11-12 22:00:29] Data encontrada: 09 de October de 2024
[2024-11-12 22:00:29] Comparando datas - Vídeo: 2024-10-09, Alvo: 2024-10-08
[2024-11-12 22:00:29] Vídeo está dentro do período
[2024-11-12 22:00:29] Vídeo processado: 49 visualizações. Restam 1
[2024-11-12 22:00:31] Procurando vídeo com 42 visualizações
[2024-11-12 22:00:31] Procurando vídeo com 42 visualizações
[2024-11-12 22:00:31] Vídeo encontrado com 42 visualizações
[2024-11-12 22:00:31] Tentando clicar no vídeo
[2024-11-12 22:00:34] Data encontrada: 08 de October de 2024
[2024-11-12 22:00:34] Comparando datas - Vídeo: 2024-10-08, Alvo: 2024-10-08
[2024-11-12 22:00:34] Vídeo está dentro do período
[2024-11-12 22:00:34] Vídeo processado: 42 visualizações. Restam 0
[2024-11-12 22:00:36] Finalizado com 15 vídeos validados de 15 originais
[2024-11-12 22:00:38] Visualizações coletadas: [1341, 31, 37, 22, 142, 18, 224, 42, 15, 25, 111, 48]
[2024-11-12 22:00:40] Visualizações coletadas: [1341, 31, 37, 22, 142, 18, 224, 42, 15, 25, 111, 48, 26, 165, 1611, 38, 152, 204, 24, 25, 17, 126, 45, 121]
[2024-11-12 22:00:43] Visualizações coletadas: [1341, 31, 37, 22, 142, 18, 224, 42, 15, 25, 111, 48, 26, 165, 1611, 38, 152, 204, 24, 25, 17, 126, 45, 121, 69, 150, 24, 172, 13, 288, 133, 174, 131, 262, 21, 20]
[2024-11-12 22:00:46] Visualizações coletadas: [142, 18, 224, 42, 15, 25, 111, 48, 26, 165, 1611, 38, 152, 204, 24, 25, 17, 126, 45, 121, 69, 150, 24, 172, 13, 288, 133, 174, 131, 262, 21, 20, 35, 19, 30, 364, 21, 21, 12, 14, 23, 13, 14, 17]
[2024-11-12 22:00:49] Visualizações coletadas: [152, 204, 24, 25, 17, 126, 45, 121, 69, 150, 24, 172, 13, 288, 133, 174, 131, 262, 21, 20, 35, 19, 30, 364, 21, 21, 12, 14, 23, 13, 14, 17, 19, 13, 16, 60, 24, 19, 16, 18, 33, 32, 27, 36]
[2024-11-12 22:00:52] Visualizações coletadas: [13, 288, 133, 174, 131, 262, 21, 20, 35, 19, 30, 364, 21, 21, 12, 14, 23, 13, 14, 17, 19, 13, 16, 60, 24, 19, 16, 18, 33, 32, 27, 36, 39, 33, 32, 58, 72]
[2024-11-12 22:00:57] Iniciando com 50 visualizações para verificar
[2024-11-12 22:00:57] Procurando vídeo com 1341 visualizações
[2024-11-12 22:00:57] Procurando vídeo com 1341 visualizações
[2024-11-12 22:00:57] Vídeo encontrado com 1341 visualizações
[2024-11-12 22:00:57] Tentando clicar no vídeo
[2024-11-12 22:01:02] Data encontrada: 29 de October de 2024
[2024-11-12 22:01:02] Comparando datas - Vídeo: 2024-10-29, Alvo: 2024-10-08
[2024-11-12 22:01:02] Vídeo está dentro do período
[2024-11-12 22:01:02] Vídeo processado: 1341 visualizações. Restam 49
[2024-11-12 22:01:04] Procurando vídeo com 31 visualizações
[2024-11-12 22:01:04] Procurando vídeo com 31 visualizações
[2024-11-12 22:01:04] Vídeo encontrado com 31 visualizações
[2024-11-12 22:01:04] Tentando clicar no vídeo
[2024-11-12 22:01:07] Data encontrada: 28 de October de 2024
[2024-11-12 22:01:07] Comparando datas - Vídeo: 2024-10-28, Alvo: 2024-10-08
[2024-11-12 22:01:07] Vídeo está dentro do período
[2024-11-12 22:01:07] Vídeo processado: 31 visualizações. Restam 48
[2024-11-12 22:01:09] Procurando vídeo com 37 visualizações
[2024-11-12 22:01:09] Procurando vídeo com 37 visualizações
[2024-11-12 22:01:09] Vídeo encontrado com 37 visualizações
[2024-11-12 22:01:09] Tentando clicar no vídeo
[2024-11-12 22:01:12] Data encontrada: 28 de October de 2024
[2024-11-12 22:01:12] Comparando datas - Vídeo: 2024-10-28, Alvo: 2024-10-08
[2024-11-12 22:01:12] Vídeo está dentro do período
[2024-11-12 22:01:12] Vídeo processado: 37 visualizações. Restam 47
